CRITICAL - 2023-11-27 11:24:49 --> Class "App\Models\UserModel" not found
in APPPATH/Controllers/Cinema.php on line 9.
 1 SYSTEMPATH/CodeIgniter.php(942): App\Controllers\Cinema->index()
 2 SYSTEMPATH/CodeIgniter.php(502): CodeIgniter\CodeIgniter->runController(Object(App\Controllers\Cinema))
 3 SYSTEMPATH/CodeIgniter.php(361): CodeIgniter\CodeIgniter->handleRequest(null, Object(Config\Cache), false)
 4 FCPATH/index.php(79): CodeIgniter\CodeIgniter->run()
 5 SYSTEMPATH/Commands/Server/rewrite.php(47): require_once('/Users/ferroyudisthira/Desktop/Semesters/Semester 5/Framework Based Programming/pbkk_quiz2/public/index.php')
CRITICAL - 2023-11-27 11:25:04 --> Class "App\Models\UserModel" not found
in APPPATH/Controllers/Cinema.php on line 9.
 1 SYSTEMPATH/CodeIgniter.php(942): App\Controllers\Cinema->index()
 2 SYSTEMPATH/CodeIgniter.php(502): CodeIgniter\CodeIgniter->runController(Object(App\Controllers\Cinema))
 3 SYSTEMPATH/CodeIgniter.php(361): CodeIgniter\CodeIgniter->handleRequest(null, Object(Config\Cache), false)
 4 FCPATH/index.php(79): CodeIgniter\CodeIgniter->run()
 5 SYSTEMPATH/Commands/Server/rewrite.php(47): require_once('/Users/ferroyudisthira/Desktop/Semesters/Semester 5/Framework Based Programming/pbkk_quiz2/public/index.php')
CRITICAL - 2023-11-27 11:25:06 --> Class "App\Models\UserModel" not found
in APPPATH/Controllers/Cinema.php on line 9.
 1 SYSTEMPATH/CodeIgniter.php(942): App\Controllers\Cinema->index()
 2 SYSTEMPATH/CodeIgniter.php(502): CodeIgniter\CodeIgniter->runController(Object(App\Controllers\Cinema))
 3 SYSTEMPATH/CodeIgniter.php(361): CodeIgniter\CodeIgniter->handleRequest(null, Object(Config\Cache), false)
 4 FCPATH/index.php(79): CodeIgniter\CodeIgniter->run()
 5 SYSTEMPATH/Commands/Server/rewrite.php(47): require_once('/Users/ferroyudisthira/Desktop/Semesters/Semester 5/Framework Based Programming/pbkk_quiz2/public/index.php')
CRITICAL - 2023-11-27 11:25:07 --> Class "App\Models\UserModel" not found
in APPPATH/Controllers/Cinema.php on line 9.
 1 SYSTEMPATH/CodeIgniter.php(942): App\Controllers\Cinema->index()
 2 SYSTEMPATH/CodeIgniter.php(502): CodeIgniter\CodeIgniter->runController(Object(App\Controllers\Cinema))
 3 SYSTEMPATH/CodeIgniter.php(361): CodeIgniter\CodeIgniter->handleRequest(null, Object(Config\Cache), false)
 4 FCPATH/index.php(79): CodeIgniter\CodeIgniter->run()
 5 SYSTEMPATH/Commands/Server/rewrite.php(47): require_once('/Users/ferroyudisthira/Desktop/Semesters/Semester 5/Framework Based Programming/pbkk_quiz2/public/index.php')
CRITICAL - 2023-11-27 11:27:48 --> Class "App\Controllers\UserModel" not found
in APPPATH/Controllers/Cinema.php on line 9.
 1 SYSTEMPATH/CodeIgniter.php(942): App\Controllers\Cinema->index()
 2 SYSTEMPATH/CodeIgniter.php(502): CodeIgniter\CodeIgniter->runController(Object(App\Controllers\Cinema))
 3 SYSTEMPATH/CodeIgniter.php(361): CodeIgniter\CodeIgniter->handleRequest(null, Object(Config\Cache), false)
 4 FCPATH/index.php(79): CodeIgniter\CodeIgniter->run()
 5 SYSTEMPATH/Commands/Server/rewrite.php(47): require_once('/Users/ferroyudisthira/Desktop/Semesters/Semester 5/Framework Based Programming/pbkk_quiz2/public/index.php')
CRITICAL - 2023-11-27 11:27:49 --> Class "App\Controllers\UserModel" not found
in APPPATH/Controllers/Cinema.php on line 9.
 1 SYSTEMPATH/CodeIgniter.php(942): App\Controllers\Cinema->index()
 2 SYSTEMPATH/CodeIgniter.php(502): CodeIgniter\CodeIgniter->runController(Object(App\Controllers\Cinema))
 3 SYSTEMPATH/CodeIgniter.php(361): CodeIgniter\CodeIgniter->handleRequest(null, Object(Config\Cache), false)
 4 FCPATH/index.php(79): CodeIgniter\CodeIgniter->run()
 5 SYSTEMPATH/Commands/Server/rewrite.php(47): require_once('/Users/ferroyudisthira/Desktop/Semesters/Semester 5/Framework Based Programming/pbkk_quiz2/public/index.php')
CRITICAL - 2023-11-27 11:28:15 --> Class "App\Controllers\UserModel" not found
in APPPATH/Controllers/Cinema.php on line 9.
 1 SYSTEMPATH/CodeIgniter.php(942): App\Controllers\Cinema->index()
 2 SYSTEMPATH/CodeIgniter.php(502): CodeIgniter\CodeIgniter->runController(Object(App\Controllers\Cinema))
 3 SYSTEMPATH/CodeIgniter.php(361): CodeIgniter\CodeIgniter->handleRequest(null, Object(Config\Cache), false)
 4 FCPATH/index.php(79): CodeIgniter\CodeIgniter->run()
 5 SYSTEMPATH/Commands/Server/rewrite.php(47): require_once('/Users/ferroyudisthira/Desktop/Semesters/Semester 5/Framework Based Programming/pbkk_quiz2/public/index.php')
CRITICAL - 2023-11-27 11:28:45 --> Class "App\Controllers\ListFilmModelModel" not found
in APPPATH/Controllers/Cinema.php on line 9.
 1 SYSTEMPATH/CodeIgniter.php(942): App\Controllers\Cinema->index()
 2 SYSTEMPATH/CodeIgniter.php(502): CodeIgniter\CodeIgniter->runController(Object(App\Controllers\Cinema))
 3 SYSTEMPATH/CodeIgniter.php(361): CodeIgniter\CodeIgniter->handleRequest(null, Object(Config\Cache), false)
 4 FCPATH/index.php(79): CodeIgniter\CodeIgniter->run()
 5 SYSTEMPATH/Commands/Server/rewrite.php(47): require_once('/Users/ferroyudisthira/Desktop/Semesters/Semester 5/Framework Based Programming/pbkk_quiz2/public/index.php')
CRITICAL - 2023-11-27 11:29:11 --> Undefined variable $userModel
in APPPATH/Controllers/Cinema.php on line 10.
 1 APPPATH/Controllers/Cinema.php(10): CodeIgniter\Debug\Exceptions->errorHandler(2, 'Undefined variable $userModel', '/Users/ferroyudisthira/Desktop/Semesters/Semester 5/Framework Based Programming/pbkk_quiz2/app/Controllers/Cinema.php', 10)
 2 SYSTEMPATH/CodeIgniter.php(942): App\Controllers\Cinema->index()
 3 SYSTEMPATH/CodeIgniter.php(502): CodeIgniter\CodeIgniter->runController(Object(App\Controllers\Cinema))
 4 SYSTEMPATH/CodeIgniter.php(361): CodeIgniter\CodeIgniter->handleRequest(null, Object(Config\Cache), false)
 5 FCPATH/index.php(79): CodeIgniter\CodeIgniter->run()
 6 SYSTEMPATH/Commands/Server/rewrite.php(47): require_once('/Users/ferroyudisthira/Desktop/Semesters/Semester 5/Framework Based Programming/pbkk_quiz2/public/index.php')
CRITICAL - 2023-11-27 11:36:40 --> Undefined variable $imagePath
in APPPATH/Views/homepage.php on line 45.
 1 APPPATH/Views/homepage.php(45): CodeIgniter\Debug\Exceptions->errorHandler(2, 'Undefined variable $imagePath', '/Users/ferroyudisthira/Desktop/Semesters/Semester 5/Framework Based Programming/pbkk_quiz2/app/Views/homepage.php', 45)
 2 SYSTEMPATH/View/View.php(228): include('/Users/ferroyudisthira/Desktop/Semesters/Semester 5/Framework Based Programming/pbkk_quiz2/app/Views/homepage.php')
 3 SYSTEMPATH/View/View.php(231): CodeIgniter\View\View->CodeIgniter\View\{closure}()
 4 SYSTEMPATH/Common.php(1190): CodeIgniter\View\View->render('homepage', [], true)
 5 APPPATH/Controllers/Cinema.php(11): view('homepage', [...])
 6 SYSTEMPATH/CodeIgniter.php(942): App\Controllers\Cinema->index()
 7 SYSTEMPATH/CodeIgniter.php(502): CodeIgniter\CodeIgniter->runController(Object(App\Controllers\Cinema))
 8 SYSTEMPATH/CodeIgniter.php(361): CodeIgniter\CodeIgniter->handleRequest(null, Object(Config\Cache), false)
 9 FCPATH/index.php(79): CodeIgniter\CodeIgniter->run()
10 SYSTEMPATH/Commands/Server/rewrite.php(47): require_once('/Users/ferroyudisthira/Desktop/Semesters/Semester 5/Framework Based Programming/pbkk_quiz2/public/index.php')
CRITICAL - 2023-11-27 11:37:12 --> Undefined array key "image_name"
in APPPATH/Views/homepage.php on line 44.
 1 APPPATH/Views/homepage.php(44): CodeIgniter\Debug\Exceptions->errorHandler(2, 'Undefined array key "image_name"', '/Users/ferroyudisthira/Desktop/Semesters/Semester 5/Framework Based Programming/pbkk_quiz2/app/Views/homepage.php', 44)
 2 SYSTEMPATH/View/View.php(228): include('/Users/ferroyudisthira/Desktop/Semesters/Semester 5/Framework Based Programming/pbkk_quiz2/app/Views/homepage.php')
 3 SYSTEMPATH/View/View.php(231): CodeIgniter\View\View->CodeIgniter\View\{closure}()
 4 SYSTEMPATH/Common.php(1190): CodeIgniter\View\View->render('homepage', [], true)
 5 APPPATH/Controllers/Cinema.php(11): view('homepage', [...])
 6 SYSTEMPATH/CodeIgniter.php(942): App\Controllers\Cinema->index()
 7 SYSTEMPATH/CodeIgniter.php(502): CodeIgniter\CodeIgniter->runController(Object(App\Controllers\Cinema))
 8 SYSTEMPATH/CodeIgniter.php(361): CodeIgniter\CodeIgniter->handleRequest(null, Object(Config\Cache), false)
 9 FCPATH/index.php(79): CodeIgniter\CodeIgniter->run()
10 SYSTEMPATH/Commands/Server/rewrite.php(47): require_once('/Users/ferroyudisthira/Desktop/Semesters/Semester 5/Framework Based Programming/pbkk_quiz2/public/index.php')
CRITICAL - 2023-11-27 11:37:13 --> Undefined array key "image_name"
in APPPATH/Views/homepage.php on line 44.
 1 APPPATH/Views/homepage.php(44): CodeIgniter\Debug\Exceptions->errorHandler(2, 'Undefined array key "image_name"', '/Users/ferroyudisthira/Desktop/Semesters/Semester 5/Framework Based Programming/pbkk_quiz2/app/Views/homepage.php', 44)
 2 SYSTEMPATH/View/View.php(228): include('/Users/ferroyudisthira/Desktop/Semesters/Semester 5/Framework Based Programming/pbkk_quiz2/app/Views/homepage.php')
 3 SYSTEMPATH/View/View.php(231): CodeIgniter\View\View->CodeIgniter\View\{closure}()
 4 SYSTEMPATH/Common.php(1190): CodeIgniter\View\View->render('homepage', [], true)
 5 APPPATH/Controllers/Cinema.php(11): view('homepage', [...])
 6 SYSTEMPATH/CodeIgniter.php(942): App\Controllers\Cinema->index()
 7 SYSTEMPATH/CodeIgniter.php(502): CodeIgniter\CodeIgniter->runController(Object(App\Controllers\Cinema))
 8 SYSTEMPATH/CodeIgniter.php(361): CodeIgniter\CodeIgniter->handleRequest(null, Object(Config\Cache), false)
 9 FCPATH/index.php(79): CodeIgniter\CodeIgniter->run()
10 SYSTEMPATH/Commands/Server/rewrite.php(47): require_once('/Users/ferroyudisthira/Desktop/Semesters/Semester 5/Framework Based Programming/pbkk_quiz2/public/index.php')
CRITICAL - 2023-11-27 12:06:02 --> Undefined variable $user_obj
in APPPATH/Views/moviepage.php on line 32.
 1 APPPATH/Views/moviepage.php(32): CodeIgniter\Debug\Exceptions->errorHandler(2, 'Undefined variable $user_obj', '/Users/ferroyudisthira/Desktop/Semesters/Semester 5/Framework Based Programming/pbkk_quiz2/app/Views/moviepage.php', 32)
 2 SYSTEMPATH/View/View.php(228): include('/Users/ferroyudisthira/Desktop/Semesters/Semester 5/Framework Based Programming/pbkk_quiz2/app/Views/moviepage.php')
 3 SYSTEMPATH/View/View.php(231): CodeIgniter\View\View->CodeIgniter\View\{closure}()
 4 SYSTEMPATH/Common.php(1190): CodeIgniter\View\View->render('moviepage', [], true)
 5 APPPATH/Controllers/Cinema.php(19): view('moviepage', [...])
 6 SYSTEMPATH/CodeIgniter.php(942): App\Controllers\Cinema->singleUser('$1')
 7 SYSTEMPATH/CodeIgniter.php(502): CodeIgniter\CodeIgniter->runController(Object(App\Controllers\Cinema))
 8 SYSTEMPATH/CodeIgniter.php(361): CodeIgniter\CodeIgniter->handleRequest(null, Object(Config\Cache), false)
 9 FCPATH/index.php(79): CodeIgniter\CodeIgniter->run()
10 SYSTEMPATH/Commands/Server/rewrite.php(47): require_once('/Users/ferroyudisthira/Desktop/Semesters/Semester 5/Framework Based Programming/pbkk_quiz2/public/index.php')
CRITICAL - 2023-11-27 12:06:41 --> Undefined variable $selectedfilm
in APPPATH/Views/moviepage.php on line 32.
 1 APPPATH/Views/moviepage.php(32): CodeIgniter\Debug\Exceptions->errorHandler(2, 'Undefined variable $selectedfilm', '/Users/ferroyudisthira/Desktop/Semesters/Semester 5/Framework Based Programming/pbkk_quiz2/app/Views/moviepage.php', 32)
 2 SYSTEMPATH/View/View.php(228): include('/Users/ferroyudisthira/Desktop/Semesters/Semester 5/Framework Based Programming/pbkk_quiz2/app/Views/moviepage.php')
 3 SYSTEMPATH/View/View.php(231): CodeIgniter\View\View->CodeIgniter\View\{closure}()
 4 SYSTEMPATH/Common.php(1190): CodeIgniter\View\View->render('moviepage', [], true)
 5 APPPATH/Controllers/Cinema.php(19): view('moviepage', [...])
 6 SYSTEMPATH/CodeIgniter.php(942): App\Controllers\Cinema->singleUser('$1')
 7 SYSTEMPATH/CodeIgniter.php(502): CodeIgniter\CodeIgniter->runController(Object(App\Controllers\Cinema))
 8 SYSTEMPATH/CodeIgniter.php(361): CodeIgniter\CodeIgniter->handleRequest(null, Object(Config\Cache), false)
 9 FCPATH/index.php(79): CodeIgniter\CodeIgniter->run()
10 SYSTEMPATH/Commands/Server/rewrite.php(47): require_once('/Users/ferroyudisthira/Desktop/Semesters/Semester 5/Framework Based Programming/pbkk_quiz2/public/index.php')
CRITICAL - 2023-11-27 12:06:52 --> Trying to access array offset on value of type null
in APPPATH/Views/moviepage.php on line 32.
 1 APPPATH/Views/moviepage.php(32): CodeIgniter\Debug\Exceptions->errorHandler(2, 'Trying to access array offset on value of type null', '/Users/ferroyudisthira/Desktop/Semesters/Semester 5/Framework Based Programming/pbkk_quiz2/app/Views/moviepage.php', 32)
 2 SYSTEMPATH/View/View.php(228): include('/Users/ferroyudisthira/Desktop/Semesters/Semester 5/Framework Based Programming/pbkk_quiz2/app/Views/moviepage.php')
 3 SYSTEMPATH/View/View.php(231): CodeIgniter\View\View->CodeIgniter\View\{closure}()
 4 SYSTEMPATH/Common.php(1190): CodeIgniter\View\View->render('moviepage', [], true)
 5 APPPATH/Controllers/Cinema.php(19): view('moviepage', [...])
 6 SYSTEMPATH/CodeIgniter.php(942): App\Controllers\Cinema->singleUser('$1')
 7 SYSTEMPATH/CodeIgniter.php(502): CodeIgniter\CodeIgniter->runController(Object(App\Controllers\Cinema))
 8 SYSTEMPATH/CodeIgniter.php(361): CodeIgniter\CodeIgniter->handleRequest(null, Object(Config\Cache), false)
 9 FCPATH/index.php(79): CodeIgniter\CodeIgniter->run()
10 SYSTEMPATH/Commands/Server/rewrite.php(47): require_once('/Users/ferroyudisthira/Desktop/Semesters/Semester 5/Framework Based Programming/pbkk_quiz2/public/index.php')
CRITICAL - 2023-11-27 12:07:15 --> Trying to access array offset on value of type null
in APPPATH/Views/moviepage.php on line 32.
 1 APPPATH/Views/moviepage.php(32): CodeIgniter\Debug\Exceptions->errorHandler(2, 'Trying to access array offset on value of type null', '/Users/ferroyudisthira/Desktop/Semesters/Semester 5/Framework Based Programming/pbkk_quiz2/app/Views/moviepage.php', 32)
 2 SYSTEMPATH/View/View.php(228): include('/Users/ferroyudisthira/Desktop/Semesters/Semester 5/Framework Based Programming/pbkk_quiz2/app/Views/moviepage.php')
 3 SYSTEMPATH/View/View.php(231): CodeIgniter\View\View->CodeIgniter\View\{closure}()
 4 SYSTEMPATH/Common.php(1190): CodeIgniter\View\View->render('moviepage', [], true)
 5 APPPATH/Controllers/Cinema.php(19): view('moviepage', [...])
 6 SYSTEMPATH/CodeIgniter.php(942): App\Controllers\Cinema->singleUser('$1')
 7 SYSTEMPATH/CodeIgniter.php(502): CodeIgniter\CodeIgniter->runController(Object(App\Controllers\Cinema))
 8 SYSTEMPATH/CodeIgniter.php(361): CodeIgniter\CodeIgniter->handleRequest(null, Object(Config\Cache), false)
 9 FCPATH/index.php(79): CodeIgniter\CodeIgniter->run()
10 SYSTEMPATH/Commands/Server/rewrite.php(47): require_once('/Users/ferroyudisthira/Desktop/Semesters/Semester 5/Framework Based Programming/pbkk_quiz2/public/index.php')
CRITICAL - 2023-11-27 12:10:50 --> Trying to access array offset on value of type null
in APPPATH/Views/moviepage.php on line 32.
 1 APPPATH/Views/moviepage.php(32): CodeIgniter\Debug\Exceptions->errorHandler(2, 'Trying to access array offset on value of type null', '/Users/ferroyudisthira/Desktop/Semesters/Semester 5/Framework Based Programming/pbkk_quiz2/app/Views/moviepage.php', 32)
 2 SYSTEMPATH/View/View.php(228): include('/Users/ferroyudisthira/Desktop/Semesters/Semester 5/Framework Based Programming/pbkk_quiz2/app/Views/moviepage.php')
 3 SYSTEMPATH/View/View.php(231): CodeIgniter\View\View->CodeIgniter\View\{closure}()
 4 SYSTEMPATH/Common.php(1190): CodeIgniter\View\View->render('moviepage', [], true)
 5 APPPATH/Controllers/Cinema.php(19): view('moviepage', [...])
 6 SYSTEMPATH/CodeIgniter.php(942): App\Controllers\Cinema->singleUser('$1')
 7 SYSTEMPATH/CodeIgniter.php(502): CodeIgniter\CodeIgniter->runController(Object(App\Controllers\Cinema))
 8 SYSTEMPATH/CodeIgniter.php(361): CodeIgniter\CodeIgniter->handleRequest(null, Object(Config\Cache), false)
 9 FCPATH/index.php(79): CodeIgniter\CodeIgniter->run()
10 SYSTEMPATH/Commands/Server/rewrite.php(47): require_once('/Users/ferroyudisthira/Desktop/Semesters/Semester 5/Framework Based Programming/pbkk_quiz2/public/index.php')
CRITICAL - 2023-11-27 12:11:08 --> Trying to access array offset on value of type null
in APPPATH/Views/moviepage.php on line 32.
 1 APPPATH/Views/moviepage.php(32): CodeIgniter\Debug\Exceptions->errorHandler(2, 'Trying to access array offset on value of type null', '/Users/ferroyudisthira/Desktop/Semesters/Semester 5/Framework Based Programming/pbkk_quiz2/app/Views/moviepage.php', 32)
 2 SYSTEMPATH/View/View.php(228): include('/Users/ferroyudisthira/Desktop/Semesters/Semester 5/Framework Based Programming/pbkk_quiz2/app/Views/moviepage.php')
 3 SYSTEMPATH/View/View.php(231): CodeIgniter\View\View->CodeIgniter\View\{closure}()
 4 SYSTEMPATH/Common.php(1190): CodeIgniter\View\View->render('moviepage', [], true)
 5 APPPATH/Controllers/Cinema.php(19): view('moviepage', [...])
 6 SYSTEMPATH/CodeIgniter.php(942): App\Controllers\Cinema->singleUser('', 'FM007')
 7 SYSTEMPATH/CodeIgniter.php(502): CodeIgniter\CodeIgniter->runController(Object(App\Controllers\Cinema))
 8 SYSTEMPATH/CodeIgniter.php(361): CodeIgniter\CodeIgniter->handleRequest(null, Object(Config\Cache), false)
 9 FCPATH/index.php(79): CodeIgniter\CodeIgniter->run()
10 SYSTEMPATH/Commands/Server/rewrite.php(47): require_once('/Users/ferroyudisthira/Desktop/Semesters/Semester 5/Framework Based Programming/pbkk_quiz2/public/index.php')
CRITICAL - 2023-11-27 12:11:12 --> Trying to access array offset on value of type null
in APPPATH/Views/moviepage.php on line 32.
 1 APPPATH/Views/moviepage.php(32): CodeIgniter\Debug\Exceptions->errorHandler(2, 'Trying to access array offset on value of type null', '/Users/ferroyudisthira/Desktop/Semesters/Semester 5/Framework Based Programming/pbkk_quiz2/app/Views/moviepage.php', 32)
 2 SYSTEMPATH/View/View.php(228): include('/Users/ferroyudisthira/Desktop/Semesters/Semester 5/Framework Based Programming/pbkk_quiz2/app/Views/moviepage.php')
 3 SYSTEMPATH/View/View.php(231): CodeIgniter\View\View->CodeIgniter\View\{closure}()
 4 SYSTEMPATH/Common.php(1190): CodeIgniter\View\View->render('moviepage', [], true)
 5 APPPATH/Controllers/Cinema.php(19): view('moviepage', [...])
 6 SYSTEMPATH/CodeIgniter.php(942): App\Controllers\Cinema->singleUser('', 'FM007')
 7 SYSTEMPATH/CodeIgniter.php(502): CodeIgniter\CodeIgniter->runController(Object(App\Controllers\Cinema))
 8 SYSTEMPATH/CodeIgniter.php(361): CodeIgniter\CodeIgniter->handleRequest(null, Object(Config\Cache), false)
 9 FCPATH/index.php(79): CodeIgniter\CodeIgniter->run()
10 SYSTEMPATH/Commands/Server/rewrite.php(47): require_once('/Users/ferroyudisthira/Desktop/Semesters/Semester 5/Framework Based Programming/pbkk_quiz2/public/index.php')
CRITICAL - 2023-11-27 12:13:25 --> Undefined variable $Film
in APPPATH/Views/moviepage.php on line 29.
 1 APPPATH/Views/moviepage.php(29): CodeIgniter\Debug\Exceptions->errorHandler(2, 'Undefined variable $Film', '/Users/ferroyudisthira/Desktop/Semesters/Semester 5/Framework Based Programming/pbkk_quiz2/app/Views/moviepage.php', 29)
 2 SYSTEMPATH/View/View.php(228): include('/Users/ferroyudisthira/Desktop/Semesters/Semester 5/Framework Based Programming/pbkk_quiz2/app/Views/moviepage.php')
 3 SYSTEMPATH/View/View.php(231): CodeIgniter\View\View->CodeIgniter\View\{closure}()
 4 SYSTEMPATH/Common.php(1190): CodeIgniter\View\View->render('moviepage', [], true)
 5 APPPATH/Controllers/Cinema.php(19): view('moviepage', [...])
 6 SYSTEMPATH/CodeIgniter.php(942): App\Controllers\Cinema->singleUser('FM007')
 7 SYSTEMPATH/CodeIgniter.php(502): CodeIgniter\CodeIgniter->runController(Object(App\Controllers\Cinema))
 8 SYSTEMPATH/CodeIgniter.php(361): CodeIgniter\CodeIgniter->handleRequest(null, Object(Config\Cache), false)
 9 FCPATH/index.php(79): CodeIgniter\CodeIgniter->run()
10 SYSTEMPATH/Commands/Server/rewrite.php(47): require_once('/Users/ferroyudisthira/Desktop/Semesters/Semester 5/Framework Based Programming/pbkk_quiz2/public/index.php')
CRITICAL - 2023-11-27 12:13:44 --> Undefined variable $Film
in APPPATH/Views/moviepage.php on line 29.
 1 APPPATH/Views/moviepage.php(29): CodeIgniter\Debug\Exceptions->errorHandler(2, 'Undefined variable $Film', '/Users/ferroyudisthira/Desktop/Semesters/Semester 5/Framework Based Programming/pbkk_quiz2/app/Views/moviepage.php', 29)
 2 SYSTEMPATH/View/View.php(228): include('/Users/ferroyudisthira/Desktop/Semesters/Semester 5/Framework Based Programming/pbkk_quiz2/app/Views/moviepage.php')
 3 SYSTEMPATH/View/View.php(231): CodeIgniter\View\View->CodeIgniter\View\{closure}()
 4 SYSTEMPATH/Common.php(1190): CodeIgniter\View\View->render('moviepage', [], true)
 5 APPPATH/Controllers/Cinema.php(19): view('moviepage', [...])
 6 SYSTEMPATH/CodeIgniter.php(942): App\Controllers\Cinema->singleUser('FM007')
 7 SYSTEMPATH/CodeIgniter.php(502): CodeIgniter\CodeIgniter->runController(Object(App\Controllers\Cinema))
 8 SYSTEMPATH/CodeIgniter.php(361): CodeIgniter\CodeIgniter->handleRequest(null, Object(Config\Cache), false)
 9 FCPATH/index.php(79): CodeIgniter\CodeIgniter->run()
10 SYSTEMPATH/Commands/Server/rewrite.php(47): require_once('/Users/ferroyudisthira/Desktop/Semesters/Semester 5/Framework Based Programming/pbkk_quiz2/public/index.php')
CRITICAL - 2023-11-27 12:13:45 --> Undefined variable $Film
in APPPATH/Views/moviepage.php on line 29.
 1 APPPATH/Views/moviepage.php(29): CodeIgniter\Debug\Exceptions->errorHandler(2, 'Undefined variable $Film', '/Users/ferroyudisthira/Desktop/Semesters/Semester 5/Framework Based Programming/pbkk_quiz2/app/Views/moviepage.php', 29)
 2 SYSTEMPATH/View/View.php(228): include('/Users/ferroyudisthira/Desktop/Semesters/Semester 5/Framework Based Programming/pbkk_quiz2/app/Views/moviepage.php')
 3 SYSTEMPATH/View/View.php(231): CodeIgniter\View\View->CodeIgniter\View\{closure}()
 4 SYSTEMPATH/Common.php(1190): CodeIgniter\View\View->render('moviepage', [], true)
 5 APPPATH/Controllers/Cinema.php(19): view('moviepage', [...])
 6 SYSTEMPATH/CodeIgniter.php(942): App\Controllers\Cinema->singleUser('FM007')
 7 SYSTEMPATH/CodeIgniter.php(502): CodeIgniter\CodeIgniter->runController(Object(App\Controllers\Cinema))
 8 SYSTEMPATH/CodeIgniter.php(361): CodeIgniter\CodeIgniter->handleRequest(null, Object(Config\Cache), false)
 9 FCPATH/index.php(79): CodeIgniter\CodeIgniter->run()
10 SYSTEMPATH/Commands/Server/rewrite.php(47): require_once('/Users/ferroyudisthira/Desktop/Semesters/Semester 5/Framework Based Programming/pbkk_quiz2/public/index.php')
CRITICAL - 2023-11-27 12:13:57 --> Undefined variable $Film
in APPPATH/Views/moviepage.php on line 29.
 1 APPPATH/Views/moviepage.php(29): CodeIgniter\Debug\Exceptions->errorHandler(2, 'Undefined variable $Film', '/Users/ferroyudisthira/Desktop/Semesters/Semester 5/Framework Based Programming/pbkk_quiz2/app/Views/moviepage.php', 29)
 2 SYSTEMPATH/View/View.php(228): include('/Users/ferroyudisthira/Desktop/Semesters/Semester 5/Framework Based Programming/pbkk_quiz2/app/Views/moviepage.php')
 3 SYSTEMPATH/View/View.php(231): CodeIgniter\View\View->CodeIgniter\View\{closure}()
 4 SYSTEMPATH/Common.php(1190): CodeIgniter\View\View->render('moviepage', [], true)
 5 APPPATH/Controllers/Cinema.php(19): view('moviepage', [...])
 6 SYSTEMPATH/CodeIgniter.php(942): App\Controllers\Cinema->singleUser('FM007')
 7 SYSTEMPATH/CodeIgniter.php(502): CodeIgniter\CodeIgniter->runController(Object(App\Controllers\Cinema))
 8 SYSTEMPATH/CodeIgniter.php(361): CodeIgniter\CodeIgniter->handleRequest(null, Object(Config\Cache), false)
 9 FCPATH/index.php(79): CodeIgniter\CodeIgniter->run()
10 SYSTEMPATH/Commands/Server/rewrite.php(47): require_once('/Users/ferroyudisthira/Desktop/Semesters/Semester 5/Framework Based Programming/pbkk_quiz2/public/index.php')
CRITICAL - 2023-11-27 12:14:46 --> Undefined variable $selectedfilm
in APPPATH/Views/homepage.php on line 40.
 1 APPPATH/Views/homepage.php(40): CodeIgniter\Debug\Exceptions->errorHandler(2, 'Undefined variable $selectedfilm', '/Users/ferroyudisthira/Desktop/Semesters/Semester 5/Framework Based Programming/pbkk_quiz2/app/Views/homepage.php', 40)
 2 SYSTEMPATH/View/View.php(228): include('/Users/ferroyudisthira/Desktop/Semesters/Semester 5/Framework Based Programming/pbkk_quiz2/app/Views/homepage.php')
 3 SYSTEMPATH/View/View.php(231): CodeIgniter\View\View->CodeIgniter\View\{closure}()
 4 SYSTEMPATH/Common.php(1190): CodeIgniter\View\View->render('homepage', [], true)
 5 APPPATH/Controllers/Cinema.php(11): view('homepage', [...])
 6 SYSTEMPATH/CodeIgniter.php(942): App\Controllers\Cinema->index()
 7 SYSTEMPATH/CodeIgniter.php(502): CodeIgniter\CodeIgniter->runController(Object(App\Controllers\Cinema))
 8 SYSTEMPATH/CodeIgniter.php(361): CodeIgniter\CodeIgniter->handleRequest(null, Object(Config\Cache), false)
 9 FCPATH/index.php(79): CodeIgniter\CodeIgniter->run()
10 SYSTEMPATH/Commands/Server/rewrite.php(47): require_once('/Users/ferroyudisthira/Desktop/Semesters/Semester 5/Framework Based Programming/pbkk_quiz2/public/index.php')
CRITICAL - 2023-11-27 12:14:50 --> Undefined variable $selectedfilm
in APPPATH/Views/homepage.php on line 40.
 1 APPPATH/Views/homepage.php(40): CodeIgniter\Debug\Exceptions->errorHandler(2, 'Undefined variable $selectedfilm', '/Users/ferroyudisthira/Desktop/Semesters/Semester 5/Framework Based Programming/pbkk_quiz2/app/Views/homepage.php', 40)
 2 SYSTEMPATH/View/View.php(228): include('/Users/ferroyudisthira/Desktop/Semesters/Semester 5/Framework Based Programming/pbkk_quiz2/app/Views/homepage.php')
 3 SYSTEMPATH/View/View.php(231): CodeIgniter\View\View->CodeIgniter\View\{closure}()
 4 SYSTEMPATH/Common.php(1190): CodeIgniter\View\View->render('homepage', [], true)
 5 APPPATH/Controllers/Cinema.php(11): view('homepage', [...])
 6 SYSTEMPATH/CodeIgniter.php(942): App\Controllers\Cinema->index()
 7 SYSTEMPATH/CodeIgniter.php(502): CodeIgniter\CodeIgniter->runController(Object(App\Controllers\Cinema))
 8 SYSTEMPATH/CodeIgniter.php(361): CodeIgniter\CodeIgniter->handleRequest(null, Object(Config\Cache), false)
 9 FCPATH/index.php(79): CodeIgniter\CodeIgniter->run()
10 SYSTEMPATH/Commands/Server/rewrite.php(47): require_once('/Users/ferroyudisthira/Desktop/Semesters/Semester 5/Framework Based Programming/pbkk_quiz2/public/index.php')
CRITICAL - 2023-11-27 12:15:22 --> Undefined variable $selectedfilm
in APPPATH/Views/homepage.php on line 40.
 1 APPPATH/Views/homepage.php(40): CodeIgniter\Debug\Exceptions->errorHandler(2, 'Undefined variable $selectedfilm', '/Users/ferroyudisthira/Desktop/Semesters/Semester 5/Framework Based Programming/pbkk_quiz2/app/Views/homepage.php', 40)
 2 SYSTEMPATH/View/View.php(228): include('/Users/ferroyudisthira/Desktop/Semesters/Semester 5/Framework Based Programming/pbkk_quiz2/app/Views/homepage.php')
 3 SYSTEMPATH/View/View.php(231): CodeIgniter\View\View->CodeIgniter\View\{closure}()
 4 SYSTEMPATH/Common.php(1190): CodeIgniter\View\View->render('homepage', [], true)
 5 APPPATH/Controllers/Cinema.php(11): view('homepage', [...])
 6 SYSTEMPATH/CodeIgniter.php(942): App\Controllers\Cinema->index()
 7 SYSTEMPATH/CodeIgniter.php(502): CodeIgniter\CodeIgniter->runController(Object(App\Controllers\Cinema))
 8 SYSTEMPATH/CodeIgniter.php(361): CodeIgniter\CodeIgniter->handleRequest(null, Object(Config\Cache), false)
 9 FCPATH/index.php(79): CodeIgniter\CodeIgniter->run()
10 SYSTEMPATH/Commands/Server/rewrite.php(47): require_once('/Users/ferroyudisthira/Desktop/Semesters/Semester 5/Framework Based Programming/pbkk_quiz2/public/index.php')
CRITICAL - 2023-11-27 12:15:26 --> Undefined variable $selectedfilm
in APPPATH/Views/homepage.php on line 40.
 1 APPPATH/Views/homepage.php(40): CodeIgniter\Debug\Exceptions->errorHandler(2, 'Undefined variable $selectedfilm', '/Users/ferroyudisthira/Desktop/Semesters/Semester 5/Framework Based Programming/pbkk_quiz2/app/Views/homepage.php', 40)
 2 SYSTEMPATH/View/View.php(228): include('/Users/ferroyudisthira/Desktop/Semesters/Semester 5/Framework Based Programming/pbkk_quiz2/app/Views/homepage.php')
 3 SYSTEMPATH/View/View.php(231): CodeIgniter\View\View->CodeIgniter\View\{closure}()
 4 SYSTEMPATH/Common.php(1190): CodeIgniter\View\View->render('homepage', [], true)
 5 APPPATH/Controllers/Cinema.php(11): view('homepage', [...])
 6 SYSTEMPATH/CodeIgniter.php(942): App\Controllers\Cinema->index()
 7 SYSTEMPATH/CodeIgniter.php(502): CodeIgniter\CodeIgniter->runController(Object(App\Controllers\Cinema))
 8 SYSTEMPATH/CodeIgniter.php(361): CodeIgniter\CodeIgniter->handleRequest(null, Object(Config\Cache), false)
 9 FCPATH/index.php(79): CodeIgniter\CodeIgniter->run()
10 SYSTEMPATH/Commands/Server/rewrite.php(47): require_once('/Users/ferroyudisthira/Desktop/Semesters/Semester 5/Framework Based Programming/pbkk_quiz2/public/index.php')
